Using pre-set license
Built from '2021.3/staging' branch; Version is '2021.3.7f1 (24e8595d6d43) revision 2418777'; Using compiler version '192829333'; Build Type 'Release'
OS: 'Windows 10  (10.0.19045) 64bit Professional' Language: 'pt' Physical Memory: 8029 MB
BatchMode: 1, IsHumanControllingUs: 0, StartBugReporterOnCrash: 0, Is64bit: 1, IsPro: 1

COMMAND LINE ARGUMENTS:
C:\Program Files\Unity\Hub\Editor\2021.3.7f1\Editor\Unity.exe
-adb2
-batchMode
-noUpm
-name
AssetImportWorker0
-projectPath
C:/Users/aylla/OneDrive/Documentos/Projeto_Yan/Jogo_Zumbi/Jogo_zumbi
-logFile
Logs/AssetImportWorker0.log
-srvPort
59274
Successfully changed project path to: C:/Users/aylla/OneDrive/Documentos/Projeto_Yan/Jogo_Zumbi/Jogo_zumbi
C:/Users/aylla/OneDrive/Documentos/Projeto_Yan/Jogo_Zumbi/Jogo_zumbi
[UnityMemory] Configuration Parameters - Can be set up in boot.config
    "memorysetup-bucket-allocator-granularity=16"
    "memorysetup-bucket-allocator-bucket-count=8"
    "memorysetup-bucket-allocator-block-size=33554432"
    "memorysetup-bucket-allocator-block-count=8"
    "memorysetup-main-allocator-block-size=16777216"
    "memorysetup-thread-allocator-block-size=16777216"
    "memorysetup-gfx-main-allocator-block-size=16777216"
    "memorysetup-gfx-thread-allocator-block-size=16777216"
    "memorysetup-cache-allocator-block-size=4194304"
    "memorysetup-typetree-allocator-block-size=2097152"
    "memorysetup-profiler-bucket-allocator-granularity=16"
    "memorysetup-profiler-bucket-allocator-bucket-count=8"
    "memorysetup-profiler-bucket-allocator-block-size=33554432"
    "memorysetup-profiler-bucket-allocator-block-count=8"
    "memorysetup-profiler-allocator-block-size=16777216"
    "memorysetup-profiler-editor-allocator-block-size=1048576"
    "memorysetup-temp-allocator-size-main=16777216"
    "memorysetup-job-temp-allocator-block-size=2097152"
    "memorysetup-job-temp-allocator-block-size-background=1048576"
    "memorysetup-job-temp-allocator-reduction-small-platforms=262144"
    "memorysetup-temp-allocator-size-background-worker=32768"
    "memorysetup-temp-allocator-size-job-worker=262144"
    "memorysetup-temp-allocator-size-preload-manager=33554432"
    "memorysetup-temp-allocator-size-nav-mesh-worker=65536"
    "memorysetup-temp-allocator-size-audio-worker=65536"
    "memorysetup-temp-allocator-size-cloud-worker=32768"
    "memorysetup-temp-allocator-size-gi-baking-worker=262144"
    "memorysetup-temp-allocator-size-gfx=262144"
Refreshing native plugins compatible for Editor in 110.61 ms, found 3 plugins.
Preloading 0 native plugins for Editor in 0.00 ms.
Initialize engine version: 2021.3.7f1 (24e8595d6d43)
[Subsystems] Discovering subsystems at path C:/Program Files/Unity/Hub/Editor/2021.3.7f1/Editor/Data/Resources/UnitySubsystems
[Subsystems] Discovering subsystems at path C:/Users/aylla/OneDrive/Documentos/Projeto_Yan/Jogo_Zumbi/Jogo_zumbi/Assets
GfxDevice: creating device client; threaded=0; jobified=0
Direct3D:
    Version:  Direct3D 11.0 [level 11.1]
    Renderer: NVIDIA GeForce GTX 1650 (ID=0x1f91)
    Vendor:   NVIDIA
    VRAM:     3962 MB
    Driver:   31.0.15.1694
Initialize mono
Mono path[0] = 'C:/Program Files/Unity/Hub/Editor/2021.3.7f1/Editor/Data/Managed'
Mono path[1] = 'C:/Program Files/Unity/Hub/Editor/2021.3.7f1/Editor/Data/MonoBleedingEdge/lib/mono/unityjit-win32'
Mono config path = 'C:/Program Files/Unity/Hub/Editor/2021.3.7f1/Editor/Data/MonoBleedingEdge/etc'
Using monoOptions --debugger-agent=transport=dt_socket,embedding=1,server=y,suspend=n,address=127.0.0.1:56384
Begin MonoManager ReloadAssembly
Registering precompiled unity dll's ...
Register platform support module: C:/Program Files/Unity/Hub/Editor/2021.3.7f1/Editor/Data/PlaybackEngines/WebGLSupport/UnityEditor.WebGL.Extensions.dll
Register platform support module: C:/Program Files/Unity/Hub/Editor/2021.3.7f1/Editor/Data/PlaybackEngines/WindowsStandaloneSupport/UnityEditor.WindowsStandalone.Extensions.dll
Registered in 0.015282 seconds.
Native extension for WindowsStandalone target not found
Native extension for WebGL target not found
Refreshing native plugins compatible for Editor in 100.38 ms, found 3 plugins.
Preloading 0 native plugins for Editor in 0.00 ms.
Mono: successfully reloaded assembly
- Completed reload, in  0.914 seconds
Domain Reload Profiling:
	ReloadAssembly (914ms)
		BeginReloadAssembly (129ms)
			ExecutionOrderSort (0ms)
			DisableScriptedObjects (0ms)
			BackupInstance (0ms)
			ReleaseScriptingObjects (0ms)
			CreateAndSetChildDomain (1ms)
		EndReloadAssembly (614ms)
			LoadAssemblies (124ms)
			RebuildTransferFunctionScriptingTraits (0ms)
			SetupTypeCache (145ms)
			ReleaseScriptCaches (0ms)
			RebuildScriptCaches (38ms)
			SetupLoadedEditorAssemblies (344ms)
				LogAssemblyErrors (0ms)
				InitializePlatformSupportModulesInManaged (14ms)
				SetLoadedEditorAssemblies (0ms)
				RefreshPlugins (101ms)
				BeforeProcessingInitializeOnLoad (2ms)
				ProcessInitializeOnLoadAttributes (160ms)
				ProcessInitializeOnLoadMethodAttributes (68ms)
				AfterProcessingInitializeOnLoad (0ms)
				EditorAssembliesLoaded (0ms)
			ExecutionOrderSort2 (0ms)
			AwakeInstancesAfterBackupRestoration (0ms)
Platform modules already initialized, skipping
Registering precompiled user dll's ...
Registered in 0.011370 seconds.
Begin MonoManager ReloadAssembly
Symbol file LoadedFromMemory doesn't match image C:\Users\aylla\OneDrive\Documentos\Projeto_Yan\Jogo_Zumbi\Jogo_zumbi\Library\PackageCache\com.unity.visualscripting@1.7.8\Editor\VisualScripting.Core\Dependencies\YamlDotNet\Unity.VisualScripting.YamlDotNet.dll
Symbol file LoadedFromMemory doesn't match image C:\Users\aylla\OneDrive\Documentos\Projeto_Yan\Jogo_Zumbi\Jogo_zumbi\Library\PackageCache\com.unity.visualscripting@1.7.8\Editor\VisualScripting.Core\Dependencies\DotNetZip\Unity.VisualScripting.IonicZip.dll
Native extension for WindowsStandalone target not found
Native extension for WebGL target not found
Refreshing native plugins compatible for Editor in 0.66 ms, found 3 plugins.
Preloading 0 native plugins for Editor in 0.00 ms.
Mono: successfully reloaded assembly
- Completed reload, in  1.425 seconds
Domain Reload Profiling:
	ReloadAssembly (1426ms)
		BeginReloadAssembly (211ms)
			ExecutionOrderSort (0ms)
			DisableScriptedObjects (7ms)
			BackupInstance (0ms)
			ReleaseScriptingObjects (0ms)
			CreateAndSetChildDomain (28ms)
		EndReloadAssembly (1053ms)
			LoadAssemblies (159ms)
			RebuildTransferFunctionScriptingTraits (0ms)
			SetupTypeCache (296ms)
			ReleaseScriptCaches (1ms)
			RebuildScriptCaches (64ms)
			SetupLoadedEditorAssemblies (520ms)
				LogAssemblyErrors (0ms)
				InitializePlatformSupportModulesInManaged (11ms)
				SetLoadedEditorAssemblies (1ms)
				RefreshPlugins (1ms)
				BeforeProcessingInitializeOnLoad (113ms)
				ProcessInitializeOnLoadAttributes (339ms)
				ProcessInitializeOnLoadMethodAttributes (36ms)
				AfterProcessingInitializeOnLoad (19ms)
				EditorAssembliesLoaded (0ms)
			ExecutionOrderSort2 (0ms)
			AwakeInstancesAfterBackupRestoration (14ms)
Platform modules already initialized, skipping
========================================================================
Worker process is ready to serve import requests
Launched and connected shader compiler UnityShaderCompiler.exe after 0.06 seconds
Refreshing native plugins compatible for Editor in 0.72 ms, found 3 plugins.
Preloading 0 native plugins for Editor in 0.00 ms.
Unloading 3276 Unused Serialized files (Serialized files now loaded: 0)
Unloading 24 unused Assets / (55.3 KB). Loaded Objects now: 3738.
Memory consumption went from 114.5 MB to 114.5 MB.
Total: 4.365200 ms (FindLiveObjects: 0.340100 ms CreateObjectMapping: 0.266500 ms MarkObjects: 3.680000 ms  DeleteObjects: 0.077500 ms)

AssetImportParameters requested are different than current active one (requested -> active):
  custom:video-decoder-ogg-theora: a1e56fd34408186e4bbccfd4996cb3dc -> 
  custom:container-muxer-webm: aa71ff27fc2769a1b78a27578f13a17b -> 
  custom:container-demuxer-webm: 4f35f7cbe854078d1ac9338744f61a02 -> 
  custom:video-encoder-webm-vp8: eb34c28f22e8b96e1ab97ce403110664 -> 
  custom:audio-encoder-webm-vorbis: bf7c407c2cedff20999df2af8eb42d56 -> 
  custom:framework-win-MediaFoundation: 216162199b28c13a410421893ffa2e32 -> 
  custom:container-demuxer-ogg: 62fdf1f143b41e24485cea50d1cbac27 -> 
  custom:video-decoder-webm-vp8: 9c59270c3fd7afecdb556c50c9e8de78 -> 
  custom:audio-decoder-ogg-vorbis: bf7c407c2cedff20999df2af8eb42d56 -> 
========================================================================
Received Import Request.
  Time since last request: 374102.429070 seconds.
  path: Assets/Prefabs/Itens/Mapa.prefab
  artifactKey: Guid(e07181272c9a247539054e84c564485b) Importer(815301076,1909f56bfc062723c751e8b465ee728b)
Start importing Assets/Prefabs/Itens/Mapa.prefab using Guid(e07181272c9a247539054e84c564485b) Importer(815301076,1909f56bfc062723c751e8b465ee728b)  -> (artifact id: '7b36ecad0a2cb27dbe4c73f6bc5a9e5b') in 0.210900 seconds 
========================================================================
Received Import Request.
  Time since last request: 0.000027 seconds.
  path: Assets/Prefabs
  artifactKey: Guid(0dff6789c807a420badadce740c14f6b) Importer(815301076,1909f56bfc062723c751e8b465ee728b)
Start importing Assets/Prefabs using Guid(0dff6789c807a420badadce740c14f6b) Importer(815301076,1909f56bfc062723c751e8b465ee728b)  -> (artifact id: '05c143e042dc41beff60fbbc80b91c7d') in 0.002598 seconds 
========================================================================
Received Import Request.
  Time since last request: 0.000037 seconds.
  path: Assets/Prefabs/Itens/Lanterna_02.prefab
  artifactKey: Guid(981916d946d6a487a87e073600571547) Importer(815301076,1909f56bfc062723c751e8b465ee728b)
Start importing Assets/Prefabs/Itens/Lanterna_02.prefab using Guid(981916d946d6a487a87e073600571547) Importer(815301076,1909f56bfc062723c751e8b465ee728b)  -> (artifact id: 'd0ad78eca89e0102edb4d680c7e52a66') in 0.025251 seconds 
========================================================================
Received Import Request.
  Time since last request: 0.000027 seconds.
  path: Assets/Prefabs/Itens/Corda.prefab
  artifactKey: Guid(6228c4279045948db8035fc464f7cf91) Importer(815301076,1909f56bfc062723c751e8b465ee728b)
Start importing Assets/Prefabs/Itens/Corda.prefab using Guid(6228c4279045948db8035fc464f7cf91) Importer(815301076,1909f56bfc062723c751e8b465ee728b)  -> (artifact id: '716671035bc486410ca5f839d595615a') in 0.022401 seconds 
========================================================================
Received Import Request.
  Time since last request: 0.000024 seconds.
  path: Assets/Prefabs/Itens
  artifactKey: Guid(20774ab86bc78406fbc78db5f3318f14) Importer(815301076,1909f56bfc062723c751e8b465ee728b)
Start importing Assets/Prefabs/Itens using Guid(20774ab86bc78406fbc78db5f3318f14) Importer(815301076,1909f56bfc062723c751e8b465ee728b)  -> (artifact id: '59cab195797861580f7da6072f9d2b58') in 0.004959 seconds 
========================================================================
Received Import Request.
  Time since last request: 0.000029 seconds.
  path: Assets/Prefabs/Itens/Lanterna_01.prefab
  artifactKey: Guid(82894e35ffe32440ba09eea8f54946bb) Importer(815301076,1909f56bfc062723c751e8b465ee728b)
Start importing Assets/Prefabs/Itens/Lanterna_01.prefab using Guid(82894e35ffe32440ba09eea8f54946bb) Importer(815301076,1909f56bfc062723c751e8b465ee728b)  -> (artifact id: 'eb35c8fb8fc949a11c54339d605605eb') in 0.021687 seconds 
========================================================================
Received Import Request.
  Time since last request: 0.000029 seconds.
  path: Assets/Prefabs/Itens/ComidaEnlatada_03.prefab
  artifactKey: Guid(5d1dcf1064edf4ded89ff293a2cd5752) Importer(815301076,1909f56bfc062723c751e8b465ee728b)
Start importing Assets/Prefabs/Itens/ComidaEnlatada_03.prefab using Guid(5d1dcf1064edf4ded89ff293a2cd5752) Importer(815301076,1909f56bfc062723c751e8b465ee728b)  -> (artifact id: '95445271a8a349c520cf7416a5729f36') in 0.021096 seconds 
========================================================================
Received Import Request.
  Time since last request: 0.000028 seconds.
  path: Assets/Prefabs/Itens/ComidaEnlatada_02.prefab
  artifactKey: Guid(820afa394a0c24cf394d6163f3d28954) Importer(815301076,1909f56bfc062723c751e8b465ee728b)
Start importing Assets/Prefabs/Itens/ComidaEnlatada_02.prefab using Guid(820afa394a0c24cf394d6163f3d28954) Importer(815301076,1909f56bfc062723c751e8b465ee728b)  -> (artifact id: 'cd1e9e9231512567fdf8f292f017dcc8') in 0.023000 seconds 
========================================================================
Received Import Request.
  Time since last request: 0.000026 seconds.
  path: Assets/Prefabs/Itens/Lanterna_03.prefab
  artifactKey: Guid(23f9fae61ed9e46b188681f09d1dbd64) Importer(815301076,1909f56bfc062723c751e8b465ee728b)
Start importing Assets/Prefabs/Itens/Lanterna_03.prefab using Guid(23f9fae61ed9e46b188681f09d1dbd64) Importer(815301076,1909f56bfc062723c751e8b465ee728b)  -> (artifact id: 'ff09ada0252797e028e783651fd609f1') in 0.023371 seconds 
========================================================================
Received Import Request.
  Time since last request: 0.000039 seconds.
  path: Assets/Prefabs/GeradorZumbis.prefab
  artifactKey: Guid(6bc057c9c31344144820fa28af2133b0) Importer(815301076,1909f56bfc062723c751e8b465ee728b)
Start importing Assets/Prefabs/GeradorZumbis.prefab using Guid(6bc057c9c31344144820fa28af2133b0) Importer(815301076,1909f56bfc062723c751e8b465ee728b)  -> (artifact id: 'cf49240400c376ac88af70dc62423dfb') in 0.038930 seconds 
========================================================================
Received Import Request.
  Time since last request: 0.000037 seconds.
  path: Assets/Prefabs/ParticulaSangueZumbi.prefab
  artifactKey: Guid(0bd0cf4e7bc90db4cb1f45c4a9b7e07a) Importer(815301076,1909f56bfc062723c751e8b465ee728b)
Start importing Assets/Prefabs/ParticulaSangueZumbi.prefab using Guid(0bd0cf4e7bc90db4cb1f45c4a9b7e07a) Importer(815301076,1909f56bfc062723c751e8b465ee728b)  -> (artifact id: 'e42aaaba47110450e5c6d6289dedea42') in 0.066685 seconds 
========================================================================
Received Import Request.
  Time since last request: 6.164644 seconds.
  path: Assets/Interface
  artifactKey: Guid(37d306e8c1d1f0f45b042ee26e888524) Importer(815301076,1909f56bfc062723c751e8b465ee728b)
Start importing Assets/Interface using Guid(37d306e8c1d1f0f45b042ee26e888524) Importer(815301076,1909f56bfc062723c751e8b465ee728b)  -> (artifact id: 'adfff6e8efcb6e0ed67ef383ff67f78d') in 0.002741 seconds 
========================================================================
Received Import Request.
  Time since last request: 0.151530 seconds.
  path: Assets/Interface/Botao_Amarelo01.png
  artifactKey: Guid(9f27376967f27444e88c17854a90c799) Importer(815301076,1909f56bfc062723c751e8b465ee728b)
Start importing Assets/Interface/Botao_Amarelo01.png using Guid(9f27376967f27444e88c17854a90c799) Importer(815301076,1909f56bfc062723c751e8b465ee728b)  -> (artifact id: 'e116fd646400aed6909c08e2012f56aa') in 0.283859 seconds 
========================================================================
Received Import Request.
  Time since last request: 0.000034 seconds.
  path: Assets/Interface/Botao_Laranja03.png
  artifactKey: Guid(6b12f15d7e08bd04b92ede3dc55e0e0d) Importer(815301076,1909f56bfc062723c751e8b465ee728b)
Start importing Assets/Interface/Botao_Laranja03.png using Guid(6b12f15d7e08bd04b92ede3dc55e0e0d) Importer(815301076,1909f56bfc062723c751e8b465ee728b)  -> (artifact id: '568eb5f33c56bec971006f091e38b556') in 0.018937 seconds 
========================================================================
Received Import Request.
  Time since last request: 0.000050 seconds.
  path: Assets/Interface/Botao_Cinza05.png
  artifactKey: Guid(268487597d9641a488e7257dfcdd4400) Importer(815301076,1909f56bfc062723c751e8b465ee728b)
Start importing Assets/Interface/Botao_Cinza05.png using Guid(268487597d9641a488e7257dfcdd4400) Importer(815301076,1909f56bfc062723c751e8b465ee728b)  -> (artifact id: 'be120ec694d3b67902eadf05a5c91585') in 0.037520 seconds 
========================================================================
Received Import Request.
  Time since last request: 0.000025 seconds.
  path: Assets/Interface/Botao_Laranja04.png
  artifactKey: Guid(c88b5b35737099341b35ef0f65248bcd) Importer(815301076,1909f56bfc062723c751e8b465ee728b)
Start importing Assets/Interface/Botao_Laranja04.png using Guid(c88b5b35737099341b35ef0f65248bcd) Importer(815301076,1909f56bfc062723c751e8b465ee728b)  -> (artifact id: '45eb9af000d784e131e54a53a5b1ecb7') in 0.016281 seconds 
========================================================================
Received Import Request.
  Time since last request: 0.000029 seconds.
  path: Assets/Interface/Botao_Laranja01.png
  artifactKey: Guid(7f86dc505f15e30408f00931e8ef2570) Importer(815301076,1909f56bfc062723c751e8b465ee728b)
Start importing Assets/Interface/Botao_Laranja01.png using Guid(7f86dc505f15e30408f00931e8ef2570) Importer(815301076,1909f56bfc062723c751e8b465ee728b)  -> (artifact id: '15565b062ee1f54e5692ebdc53009c32') in 0.019092 seconds 
========================================================================
Received Import Request.
  Time since last request: 0.000031 seconds.
  path: Assets/Interface/Botao_Azul01.png
  artifactKey: Guid(22d6f89411d9847488c3a2d5fda98481) Importer(815301076,1909f56bfc062723c751e8b465ee728b)
Start importing Assets/Interface/Botao_Azul01.png using Guid(22d6f89411d9847488c3a2d5fda98481) Importer(815301076,1909f56bfc062723c751e8b465ee728b)  -> (artifact id: '7213e5b0eab18110697167a74a433458') in 0.014275 seconds 
========================================================================
Received Import Request.
  Time since last request: 0.000025 seconds.
  path: Assets/Interface/Botao_Cinza01.png
  artifactKey: Guid(5b61105a23847da4497b23fdd7a54de5) Importer(815301076,1909f56bfc062723c751e8b465ee728b)
Start importing Assets/Interface/Botao_Cinza01.png using Guid(5b61105a23847da4497b23fdd7a54de5) Importer(815301076,1909f56bfc062723c751e8b465ee728b)  -> (artifact id: '50fb78a2a770034499ed588afb035515') in 0.013691 seconds 
========================================================================
Received Import Request.
  Time since last request: 0.000025 seconds.
  path: Assets/Interface/Botao_Cinza02.png
  artifactKey: Guid(5919ee1c65c6f87498607207012a00ad) Importer(815301076,1909f56bfc062723c751e8b465ee728b)
Start importing Assets/Interface/Botao_Cinza02.png using Guid(5919ee1c65c6f87498607207012a00ad) Importer(815301076,1909f56bfc062723c751e8b465ee728b)  -> (artifact id: '08b137ed04b7a20571a67bb89d030c08') in 0.024991 seconds 
========================================================================
Received Import Request.
  Time since last request: 0.000037 seconds.
  path: Assets/Interface/Botao_Cinza04.png
  artifactKey: Guid(47fe83e93c4d9904cb913ab4f132b1dc) Importer(815301076,1909f56bfc062723c751e8b465ee728b)
Start importing Assets/Interface/Botao_Cinza04.png using Guid(47fe83e93c4d9904cb913ab4f132b1dc) Importer(815301076,1909f56bfc062723c751e8b465ee728b)  -> (artifact id: '6d6c3362c26940ff02235170ddded0d0') in 0.014629 seconds 
========================================================================
Received Import Request.
  Time since last request: 0.000028 seconds.
  path: Assets/Interface/Botao_Azul03.png
  artifactKey: Guid(fa0a9740cccaa354983b2bce93049a2b) Importer(815301076,1909f56bfc062723c751e8b465ee728b)
Start importing Assets/Interface/Botao_Azul03.png using Guid(fa0a9740cccaa354983b2bce93049a2b) Importer(815301076,1909f56bfc062723c751e8b465ee728b)  -> (artifact id: '0006dacd27cd7c866833d2708ac594c5') in 0.017666 seconds 
========================================================================
Received Import Request.
  Time since last request: 2.245095 seconds.
  path: Assets/Materiais/Cenario.mat
  artifactKey: Guid(965e421d30d6a2a419dfd5b3597456b8) Importer(815301076,1909f56bfc062723c751e8b465ee728b)
Start importing Assets/Materiais/Cenario.mat using Guid(965e421d30d6a2a419dfd5b3597456b8) Importer(815301076,1909f56bfc062723c751e8b465ee728b)  -> (artifact id: 'b82477f425d1092f349fe585a6e80163') in 0.063328 seconds 
========================================================================
Received Import Request.
  Time since last request: 0.000038 seconds.
  path: Assets/Materiais/MaterialParticula.mat
  artifactKey: Guid(f28e4d6fe9a850d49a61f2d24072fdd5) Importer(815301076,1909f56bfc062723c751e8b465ee728b)
Start importing Assets/Materiais/MaterialParticula.mat using Guid(f28e4d6fe9a850d49a61f2d24072fdd5) Importer(815301076,1909f56bfc062723c751e8b465ee728b)  -> (artifact id: '94c9952595a64fa97f58c88621851cce') in 0.017281 seconds 
========================================================================
Received Import Request.
  Time since last request: 4.758153 seconds.
  path: Assets/Prefabs/Veiculos
  artifactKey: Guid(f4a50dc090d414b1e98d2054c2f171ab) Importer(815301076,1909f56bfc062723c751e8b465ee728b)
Start importing Assets/Prefabs/Veiculos using Guid(f4a50dc090d414b1e98d2054c2f171ab) Importer(815301076,1909f56bfc062723c751e8b465ee728b)  -> (artifact id: '87b9a2c37fada898aea45dc4f5e03d1f') in 0.054738 seconds 
========================================================================
Received Import Request.
  Time since last request: 1.214552 seconds.
  path: Assets/Prefabs/Construcoes
  artifactKey: Guid(5d7587d2df77646da91577b9f56a15b7) Importer(815301076,1909f56bfc062723c751e8b465ee728b)
Start importing Assets/Prefabs/Construcoes using Guid(5d7587d2df77646da91577b9f56a15b7) Importer(815301076,1909f56bfc062723c751e8b465ee728b)  -> (artifact id: 'eb6b93223a8b1fb9f992cd06363c4990') in 0.053551 seconds 
========================================================================
Received Import Request.
  Time since last request: 0.042333 seconds.
  path: Assets/Prefabs/Construcoes/Fonte.prefab
  artifactKey: Guid(6860ea09bff8148419aa863d09f00fba) Importer(815301076,1909f56bfc062723c751e8b465ee728b)
Start importing Assets/Prefabs/Construcoes/Fonte.prefab using Guid(6860ea09bff8148419aa863d09f00fba) Importer(815301076,1909f56bfc062723c751e8b465ee728b)  -> (artifact id: '3960c6fe8632089cbf5b0fd0ffa31d76') in 0.028008 seconds 
========================================================================
Received Import Request.
  Time since last request: 0.000021 seconds.
  path: Assets/Prefabs/Construcoes/Hospital_Entrada_Destruido.prefab
  artifactKey: Guid(1add1b0daa1624e3ea6e43bdcef050e3) Importer(815301076,1909f56bfc062723c751e8b465ee728b)
Start importing Assets/Prefabs/Construcoes/Hospital_Entrada_Destruido.prefab using Guid(1add1b0daa1624e3ea6e43bdcef050e3) Importer(815301076,1909f56bfc062723c751e8b465ee728b)  -> (artifact id: '19cdfbe6ba34b71fc73d8f4d8792f7be') in 0.024083 seconds 
========================================================================
Received Import Request.
  Time since last request: 0.000028 seconds.
  path: Assets/Prefabs/Construcoes/Restaurante.prefab
  artifactKey: Guid(cb4c7a2172ada4cad863b78c0747c586) Importer(815301076,1909f56bfc062723c751e8b465ee728b)
Start importing Assets/Prefabs/Construcoes/Restaurante.prefab using Guid(cb4c7a2172ada4cad863b78c0747c586) Importer(815301076,1909f56bfc062723c751e8b465ee728b)  -> (artifact id: 'a513d61de557dae462598bb9f860b5bc') in 0.021498 seconds 
========================================================================
Received Import Request.
  Time since last request: 0.000029 seconds.
  path: Assets/Prefabs/Construcoes/Loja_Destruido_02.prefab
  artifactKey: Guid(d144633a57b704679aeeab6c6808aa84) Importer(815301076,1909f56bfc062723c751e8b465ee728b)
Start importing Assets/Prefabs/Construcoes/Loja_Destruido_02.prefab using Guid(d144633a57b704679aeeab6c6808aa84) Importer(815301076,1909f56bfc062723c751e8b465ee728b)  -> (artifact id: 'db0ea74f7b9f851c9f609f770687997b') in 0.033968 seconds 
========================================================================
Received Import Request.
  Time since last request: 0.000025 seconds.
  path: Assets/Prefabs/Construcoes/Loja_Destruido_05.prefab
  artifactKey: Guid(4eece6fc288f449e49ea8c7318a245b6) Importer(815301076,1909f56bfc062723c751e8b465ee728b)
Start importing Assets/Prefabs/Construcoes/Loja_Destruido_05.prefab using Guid(4eece6fc288f449e49ea8c7318a245b6) Importer(815301076,1909f56bfc062723c751e8b465ee728b)  -> (artifact id: '1de60820b7407f6488a50eb54bd944e6') in 0.024570 seconds 
========================================================================
Received Import Request.
  Time since last request: 0.000029 seconds.
  path: Assets/Prefabs/Construcoes/Posto_Gasolina_Destruido.prefab
  artifactKey: Guid(8e8ecc4b6df224a43bef6485cdd90681) Importer(815301076,1909f56bfc062723c751e8b465ee728b)
Start importing Assets/Prefabs/Construcoes/Posto_Gasolina_Destruido.prefab using Guid(8e8ecc4b6df224a43bef6485cdd90681) Importer(815301076,1909f56bfc062723c751e8b465ee728b)  -> (artifact id: '0434a25526bd4851c7874be0130e4d94') in 0.024849 seconds 
========================================================================
Received Import Request.
  Time since last request: 0.000049 seconds.
  path: Assets/Prefabs/Construcoes/Hotel_Secundario_Destruido.prefab
  artifactKey: Guid(33cc63edf05ca094d92aeb2599a2541e) Importer(815301076,1909f56bfc062723c751e8b465ee728b)
Start importing Assets/Prefabs/Construcoes/Hotel_Secundario_Destruido.prefab using Guid(33cc63edf05ca094d92aeb2599a2541e) Importer(815301076,1909f56bfc062723c751e8b465ee728b)  -> (artifact id: '6b7837f7882b406aea1bccca2d0b748c') in 0.028237 seconds 
========================================================================
Received Import Request.
  Time since last request: 0.000024 seconds.
  path: Assets/Prefabs/Construcoes/Trailer_Estacionado_Destruido.prefab
  artifactKey: Guid(7a4bc96ca24cb4c53bb328f746d7ba54) Importer(815301076,1909f56bfc062723c751e8b465ee728b)
Start importing Assets/Prefabs/Construcoes/Trailer_Estacionado_Destruido.prefab using Guid(7a4bc96ca24cb4c53bb328f746d7ba54) Importer(815301076,1909f56bfc062723c751e8b465ee728b)  -> (artifact id: '4ca135bb2168dda0226b9f2e3a68016f') in 0.025391 seconds 
========================================================================
Received Import Request.
  Time since last request: 0.000027 seconds.
  path: Assets/Prefabs/Construcoes/Hotel_Placa.prefab
  artifactKey: Guid(ffcbfd5563b81402fa99efcd98ed9a4f) Importer(815301076,1909f56bfc062723c751e8b465ee728b)
Start importing Assets/Prefabs/Construcoes/Hotel_Placa.prefab using Guid(ffcbfd5563b81402fa99efcd98ed9a4f) Importer(815301076,1909f56bfc062723c751e8b465ee728b)  -> (artifact id: '100468d27f17b0dc0cd13976e779b429') in 0.021600 seconds 
========================================================================
Received Import Request.
  Time since last request: 0.000035 seconds.
  path: Assets/Prefabs/Construcoes/Predio_Comercial_Destruido_03.prefab
  artifactKey: Guid(d48c4751b011a482eb2476af6830afe3) Importer(815301076,1909f56bfc062723c751e8b465ee728b)
Start importing Assets/Prefabs/Construcoes/Predio_Comercial_Destruido_03.prefab using Guid(d48c4751b011a482eb2476af6830afe3) Importer(815301076,1909f56bfc062723c751e8b465ee728b)  -> (artifact id: 'c11c5244b543d35b9cdc16f0ce53cd09') in 0.024347 seconds 
========================================================================
Received Import Request.
  Time since last request: 0.000024 seconds.
  path: Assets/Prefabs/Construcoes/Hotel_Destruido.prefab
  artifactKey: Guid(e10328dd1904cda4c9a683d8b043b8ed) Importer(815301076,1909f56bfc062723c751e8b465ee728b)
Start importing Assets/Prefabs/Construcoes/Hotel_Destruido.prefab using Guid(e10328dd1904cda4c9a683d8b043b8ed) Importer(815301076,1909f56bfc062723c751e8b465ee728b)  -> (artifact id: 'b0c28199fc72ceb41204deefbc5d4589') in 0.024398 seconds 
========================================================================
Received Import Request.
  Time since last request: 0.000042 seconds.
  path: Assets/Prefabs/Construcoes/Predio_Destruido_03.prefab
  artifactKey: Guid(86e9ee220058d48aa8c4f8401c66c19d) Importer(815301076,1909f56bfc062723c751e8b465ee728b)
Start importing Assets/Prefabs/Construcoes/Predio_Destruido_03.prefab using Guid(86e9ee220058d48aa8c4f8401c66c19d) Importer(815301076,1909f56bfc062723c751e8b465ee728b)  -> (artifact id: 'fa1ca44910652f75eefa5640f66822cf') in 0.023779 seconds 
========================================================================
Received Import Request.
  Time since last request: 0.000036 seconds.
  path: Assets/Prefabs/Construcoes/Predio_Destruido_05.prefab
  artifactKey: Guid(7bc415467844c4d98ab56f767f785ac3) Importer(815301076,1909f56bfc062723c751e8b465ee728b)
Start importing Assets/Prefabs/Construcoes/Predio_Destruido_05.prefab using Guid(7bc415467844c4d98ab56f767f785ac3) Importer(815301076,1909f56bfc062723c751e8b465ee728b)  -> (artifact id: '752b7a8ea40349ee9561079005d2a74a') in 0.027030 seconds 
========================================================================
Received Import Request.
  Time since last request: 0.000052 seconds.
  path: Assets/Prefabs/Construcoes/Loja_Destruido_03.prefab
  artifactKey: Guid(b0d533d5cf9d144e2ae7f6e595614ec5) Importer(815301076,1909f56bfc062723c751e8b465ee728b)
Start importing Assets/Prefabs/Construcoes/Loja_Destruido_03.prefab using Guid(b0d533d5cf9d144e2ae7f6e595614ec5) Importer(815301076,1909f56bfc062723c751e8b465ee728b)  -> (artifact id: '8bb9dd200bfc5d55f664ecf46fe054ae') in 0.026994 seconds 
========================================================================
Received Import Request.
  Time since last request: 0.000034 seconds.
  path: Assets/Prefabs/Construcoes/Posto_Policial_Destruido.prefab
  artifactKey: Guid(c4c946c2d39de43928d15cf347c89205) Importer(815301076,1909f56bfc062723c751e8b465ee728b)
Start importing Assets/Prefabs/Construcoes/Posto_Policial_Destruido.prefab using Guid(c4c946c2d39de43928d15cf347c89205) Importer(815301076,1909f56bfc062723c751e8b465ee728b)  -> (artifact id: '0ee2d70915640ba0f3ff807e1dfbcf84') in 0.025811 seconds 
========================================================================
Received Import Request.
  Time since last request: 0.000027 seconds.
  path: Assets/Prefabs/Construcoes/Predio_Comercial_Destruido_01.prefab
  artifactKey: Guid(7838d82f56cc54177bf8ef54183cac12) Importer(815301076,1909f56bfc062723c751e8b465ee728b)
Start importing Assets/Prefabs/Construcoes/Predio_Comercial_Destruido_01.prefab using Guid(7838d82f56cc54177bf8ef54183cac12) Importer(815301076,1909f56bfc062723c751e8b465ee728b)  -> (artifact id: '46ed75e737ef2a76c7391eff12843a2b') in 0.025910 seconds 
========================================================================
Received Import Request.
  Time since last request: 0.000039 seconds.
  path: Assets/Prefabs/Construcoes/Loja_Destruido_06.prefab
  artifactKey: Guid(01beadeab9463430ab3c5d79971b707c) Importer(815301076,1909f56bfc062723c751e8b465ee728b)
Start importing Assets/Prefabs/Construcoes/Loja_Destruido_06.prefab using Guid(01beadeab9463430ab3c5d79971b707c) Importer(815301076,1909f56bfc062723c751e8b465ee728b)  -> (artifact id: 'd2d63f4667392cffcc4ab2fef75feeed') in 0.024334 seconds 
========================================================================
Received Import Request.
  Time since last request: 0.000032 seconds.
  path: Assets/Prefabs/Construcoes/Trailer_Destruido.prefab
  artifactKey: Guid(b84972cd6bed94c13959eb4ce6d50b88) Importer(815301076,1909f56bfc062723c751e8b465ee728b)
Start importing Assets/Prefabs/Construcoes/Trailer_Destruido.prefab using Guid(b84972cd6bed94c13959eb4ce6d50b88) Importer(815301076,1909f56bfc062723c751e8b465ee728b)  -> (artifact id: 'c1d8896f450f8afb2ac3ba50a3bdd104') in 0.025923 seconds 
========================================================================
Received Import Request.
  Time since last request: 0.000027 seconds.
  path: Assets/Prefabs/Construcoes/Hospital.prefab
  artifactKey: Guid(af85de14b9e7c4fbf83d21e1ce324189) Importer(815301076,1909f56bfc062723c751e8b465ee728b)
Start importing Assets/Prefabs/Construcoes/Hospital.prefab using Guid(af85de14b9e7c4fbf83d21e1ce324189) Importer(815301076,1909f56bfc062723c751e8b465ee728b)  -> (artifact id: '6abdb5cd6b62e2374e59f7442b7d4d0b') in 0.025534 seconds 
========================================================================
Received Import Request.
  Time since last request: 0.000025 seconds.
  path: Assets/Prefabs/Construcoes/Hotel_Estacionamento_Destruido.prefab
  artifactKey: Guid(889c8eace9e10e94c90e5099bb0aabe2) Importer(815301076,1909f56bfc062723c751e8b465ee728b)
Start importing Assets/Prefabs/Construcoes/Hotel_Estacionamento_Destruido.prefab using Guid(889c8eace9e10e94c90e5099bb0aabe2) Importer(815301076,1909f56bfc062723c751e8b465ee728b)  -> (artifact id: 'e110e9ad650f118ded945ed0f2012ee9') in 0.026094 seconds 
========================================================================
Received Import Request.
  Time since last request: 5.294523 seconds.
  path: Assets/Prefabs/Ambiente
  artifactKey: Guid(d6ce329bdc3dc40469f1fb1d920f6c3a) Importer(815301076,1909f56bfc062723c751e8b465ee728b)
Start importing Assets/Prefabs/Ambiente using Guid(d6ce329bdc3dc40469f1fb1d920f6c3a) Importer(815301076,1909f56bfc062723c751e8b465ee728b)  -> (artifact id: '93ddb2c0a26be2d0fb42119de06fb00b') in 0.007075 seconds 
========================================================================
Received Import Request.
  Time since last request: 0.000063 seconds.
  path: Assets/Prefabs/Ambiente/Concreto_Destruido.prefab
  artifactKey: Guid(6488e0f5cce444ddeb6c3d72343e89bb) Importer(815301076,1909f56bfc062723c751e8b465ee728b)
Start importing Assets/Prefabs/Ambiente/Concreto_Destruido.prefab using Guid(6488e0f5cce444ddeb6c3d72343e89bb) Importer(815301076,1909f56bfc062723c751e8b465ee728b)  -> (artifact id: 'cee4c15cc08ab79fd8b961227e695276') in 0.047497 seconds 
========================================================================
Received Import Request.
  Time since last request: 0.000061 seconds.
  path: Assets/Prefabs/Ambiente/Corpo_01.prefab
  artifactKey: Guid(3dd360ce3b8ce4348a56a2117b0ec565) Importer(815301076,1909f56bfc062723c751e8b465ee728b)
Start importing Assets/Prefabs/Ambiente/Corpo_01.prefab using Guid(3dd360ce3b8ce4348a56a2117b0ec565) Importer(815301076,1909f56bfc062723c751e8b465ee728b)  -> (artifact id: 'bae1b6874c8cecaa403bea96327e3696') in 0.041863 seconds 
========================================================================
Received Import Request.
  Time since last request: 0.000067 seconds.
  path: Assets/Prefabs/Ambiente/ParedeTijolos_Destruido_01.prefab
  artifactKey: Guid(fb0717d22731641ffa17f7938709c24a) Importer(815301076,1909f56bfc062723c751e8b465ee728b)
Start importing Assets/Prefabs/Ambiente/ParedeTijolos_Destruido_01.prefab using Guid(fb0717d22731641ffa17f7938709c24a) Importer(815301076,1909f56bfc062723c751e8b465ee728b)  -> (artifact id: '011dfe9ca721dc56b67d12140628e1a2') in 0.053819 seconds 
========================================================================
Received Import Request.
  Time since last request: 0.000082 seconds.
  path: Assets/Prefabs/Ambiente/Rua_Reta_Grande_Destruido_04.prefab
  artifactKey: Guid(2e405b93930f84c8e865cf6973ffe431) Importer(815301076,1909f56bfc062723c751e8b465ee728b)
Start importing Assets/Prefabs/Ambiente/Rua_Reta_Grande_Destruido_04.prefab using Guid(2e405b93930f84c8e865cf6973ffe431) Importer(815301076,1909f56bfc062723c751e8b465ee728b)  -> (artifact id: '918ab19e0dc28614044a8cb20028de1b') in 0.049108 seconds 
========================================================================
Received Import Request.
  Time since last request: 0.000073 seconds.
  path: Assets/Prefabs/Ambiente/Terra_02.prefab
  artifactKey: Guid(50fc901e811e74c10ada7234ed22eb14) Importer(815301076,1909f56bfc062723c751e8b465ee728b)
Start importing Assets/Prefabs/Ambiente/Terra_02.prefab using Guid(50fc901e811e74c10ada7234ed22eb14) Importer(815301076,1909f56bfc062723c751e8b465ee728b)  -> (artifact id: '1eb91519cc4410dc8b99035385decfd7') in 0.036041 seconds 
========================================================================
Received Import Request.
  Time since last request: 0.000042 seconds.
  path: Assets/Prefabs/Ambiente/Rua_Reta_Grande_Destruido_02.prefab
  artifactKey: Guid(3623014e57a5d4438ad08b4c92f8005f) Importer(815301076,1909f56bfc062723c751e8b465ee728b)
Start importing Assets/Prefabs/Ambiente/Rua_Reta_Grande_Destruido_02.prefab using Guid(3623014e57a5d4438ad08b4c92f8005f) Importer(815301076,1909f56bfc062723c751e8b465ee728b)  -> (artifact id: '50a9908949407e9f5095a06a7bb475bd') in 0.038910 seconds 
========================================================================
Received Import Request.
  Time since last request: 0.000042 seconds.
  path: Assets/Prefabs/Ambiente/Rua_Reta_Destruido.prefab
  artifactKey: Guid(47e46aa59b0de4f1d8340027646da715) Importer(815301076,1909f56bfc062723c751e8b465ee728b)
Start importing Assets/Prefabs/Ambiente/Rua_Reta_Destruido.prefab using Guid(47e46aa59b0de4f1d8340027646da715) Importer(815301076,1909f56bfc062723c751e8b465ee728b)  -> (artifact id: 'fa90fc518405013d7fccc150248fc1b0') in 0.029869 seconds 
========================================================================
Received Import Request.
  Time since last request: 0.000032 seconds.
  path: Assets/Prefabs/Ambiente/Rua_FaixaDePedestre_01.prefab
  artifactKey: Guid(0ed558ca472d74487967f521f5e503d7) Importer(815301076,1909f56bfc062723c751e8b465ee728b)
Start importing Assets/Prefabs/Ambiente/Rua_FaixaDePedestre_01.prefab using Guid(0ed558ca472d74487967f521f5e503d7) Importer(815301076,1909f56bfc062723c751e8b465ee728b)  -> (artifact id: '9b1764683795e9c66e839ac3c063fcb8') in 0.020928 seconds 
========================================================================
Received Import Request.
  Time since last request: 0.000038 seconds.
  path: Assets/Prefabs/Ambiente/Rua_Reta_Grande_Destruido_06.prefab
  artifactKey: Guid(6b2b4dd5fec8e4c32b71936101bbf862) Importer(815301076,1909f56bfc062723c751e8b465ee728b)
Start importing Assets/Prefabs/Ambiente/Rua_Reta_Grande_Destruido_06.prefab using Guid(6b2b4dd5fec8e4c32b71936101bbf862) Importer(815301076,1909f56bfc062723c751e8b465ee728b)  -> (artifact id: '91cc4a66428eeb913c431b5fb545372f') in 0.023748 seconds 
========================================================================
Received Import Request.
  Time since last request: 0.000035 seconds.
  path: Assets/Prefabs/Ambiente/Corpo_02.prefab
  artifactKey: Guid(a3337e2d25d7f4a5c9cd2429db45a2ad) Importer(815301076,1909f56bfc062723c751e8b465ee728b)
Start importing Assets/Prefabs/Ambiente/Corpo_02.prefab using Guid(a3337e2d25d7f4a5c9cd2429db45a2ad) Importer(815301076,1909f56bfc062723c751e8b465ee728b)  -> (artifact id: '95ba447350a1464d1d1816fd3db2ff02') in 0.019232 seconds 
========================================================================
Received Import Request.
  Time since last request: 0.000060 seconds.
  path: Assets/Prefabs/Ambiente/ParedeTijolos_02.prefab
  artifactKey: Guid(0b76d7f1a737248a59eb5b1fef8f7ba4) Importer(815301076,1909f56bfc062723c751e8b465ee728b)
Start importing Assets/Prefabs/Ambiente/ParedeTijolos_02.prefab using Guid(0b76d7f1a737248a59eb5b1fef8f7ba4) Importer(815301076,1909f56bfc062723c751e8b465ee728b)  -> (artifact id: '85259499e0115cfed322feeedaff1fed') in 0.021043 seconds 
========================================================================
Received Import Request.
  Time since last request: 0.000033 seconds.
  path: Assets/Prefabs/Ambiente/Placa_Perigo.prefab
  artifactKey: Guid(dcd1599af06eb42eead288eb377584bc) Importer(815301076,1909f56bfc062723c751e8b465ee728b)
Start importing Assets/Prefabs/Ambiente/Placa_Perigo.prefab using Guid(dcd1599af06eb42eead288eb377584bc) Importer(815301076,1909f56bfc062723c751e8b465ee728b)  -> (artifact id: 'f80ee32f6f63494ab5c7d5bdd6924081') in 0.022137 seconds 
========================================================================
Received Import Request.
  Time since last request: 0.000025 seconds.
  path: Assets/Prefabs/Ambiente/Corpo_03.prefab
  artifactKey: Guid(d1851c0a8f9ff4c9ab58e34e42f9401f) Importer(815301076,1909f56bfc062723c751e8b465ee728b)
Start importing Assets/Prefabs/Ambiente/Corpo_03.prefab using Guid(d1851c0a8f9ff4c9ab58e34e42f9401f) Importer(815301076,1909f56bfc062723c751e8b465ee728b)  -> (artifact id: '1615d93c52588eaa93af1dda36b01d21') in 0.019524 seconds 
========================================================================
Received Import Request.
  Time since last request: 0.000039 seconds.
  path: Assets/Prefabs/Ambiente/ParedeTijolos_01.prefab
  artifactKey: Guid(bec1efa2b295d4ecdbe8309f846111e7) Importer(815301076,1909f56bfc062723c751e8b465ee728b)
Start importing Assets/Prefabs/Ambiente/ParedeTijolos_01.prefab using Guid(bec1efa2b295d4ecdbe8309f846111e7) Importer(815301076,1909f56bfc062723c751e8b465ee728b)  -> (artifact id: 'b91619539519998f12b8ad31f5518d57') in 0.024919 seconds 
========================================================================
Received Import Request.
  Time since last request: 0.000031 seconds.
  path: Assets/Prefabs/Ambiente/Rua_Reta_Grande_Destruido_03.prefab
  artifactKey: Guid(5e34baacfa1cf486d864bca83e6bd6d1) Importer(815301076,1909f56bfc062723c751e8b465ee728b)
Start importing Assets/Prefabs/Ambiente/Rua_Reta_Grande_Destruido_03.prefab using Guid(5e34baacfa1cf486d864bca83e6bd6d1) Importer(815301076,1909f56bfc062723c751e8b465ee728b)  -> (artifact id: 'b5f39bc5e336c50bcfda136625038e6a') in 0.025531 seconds 
========================================================================
Received Import Request.
  Time since last request: 0.000031 seconds.
  path: Assets/Prefabs/Ambiente/Rua_Canto.prefab
  artifactKey: Guid(68d2e588be11c45b5bcef522aa3f7cca) Importer(815301076,1909f56bfc062723c751e8b465ee728b)
Start importing Assets/Prefabs/Ambiente/Rua_Canto.prefab using Guid(68d2e588be11c45b5bcef522aa3f7cca) Importer(815301076,1909f56bfc062723c751e8b465ee728b)  -> (artifact id: 'd006b4c7ca82cb30d190a1ff6633ada1') in 0.026992 seconds 
========================================================================
Received Import Request.
  Time since last request: 0.000044 seconds.
  path: Assets/Prefabs/Ambiente/Rua_Reta_Grande_Destruido_01.prefab
  artifactKey: Guid(a4458a005c6f447888ae058d01ed4041) Importer(815301076,1909f56bfc062723c751e8b465ee728b)
Start importing Assets/Prefabs/Ambiente/Rua_Reta_Grande_Destruido_01.prefab using Guid(a4458a005c6f447888ae058d01ed4041) Importer(815301076,1909f56bfc062723c751e8b465ee728b)  -> (artifact id: '0297fe38c42cfe41e2a06d6c45f11574') in 0.021479 seconds 
========================================================================
Received Import Request.
  Time since last request: 0.000029 seconds.
  path: Assets/Prefabs/Ambiente/Terra_03.prefab
  artifactKey: Guid(0d99758f8dacb4e78b125f8de6b97a39) Importer(815301076,1909f56bfc062723c751e8b465ee728b)
Start importing Assets/Prefabs/Ambiente/Terra_03.prefab using Guid(0d99758f8dacb4e78b125f8de6b97a39) Importer(815301076,1909f56bfc062723c751e8b465ee728b)  -> (artifact id: '41d59e0dcfdc8b4ec99f1308d4c61737') in 0.021867 seconds 
========================================================================
Received Import Request.
  Time since last request: 6.862870 seconds.
  path: Assets/Audio
  artifactKey: Guid(fc1470c2c0361bb49984255429d83b73) Importer(815301076,1909f56bfc062723c751e8b465ee728b)
Start importing Assets/Audio using Guid(fc1470c2c0361bb49984255429d83b73) Importer(815301076,1909f56bfc062723c751e8b465ee728b)  -> (artifact id: '592f20cd93624962c65a6720c2a2753d') in 0.008036 seconds 
========================================================================
Received Import Request.
  Time since last request: 0.064794 seconds.
  path: Assets/Audio/Morte_Zumbi_01.ogg
  artifactKey: Guid(f85f0d673b54ff3429fd77543d83179a) Importer(815301076,1909f56bfc062723c751e8b465ee728b)
Start importing Assets/Audio/Morte_Zumbi_01.ogg using Guid(f85f0d673b54ff3429fd77543d83179a) Importer(815301076,1909f56bfc062723c751e8b465ee728b)  -> (artifact id: '416e5756b0102147cfc946255086a5ae') in 0.213054 seconds 
========================================================================
Received Import Request.
  Time since last request: 0.000034 seconds.
  path: Assets/Audio/Som_Tiro_01.ogg
  artifactKey: Guid(3015bdadd717a404fa414716ebb6090a) Importer(815301076,1909f56bfc062723c751e8b465ee728b)
Start importing Assets/Audio/Som_Tiro_01.ogg using Guid(3015bdadd717a404fa414716ebb6090a) Importer(815301076,1909f56bfc062723c751e8b465ee728b)  -> (artifact id: 'ad9453db14e201a6e9b35f0b235e4258') in 0.014711 seconds 
========================================================================
Received Import Request.
  Time since last request: 0.000074 seconds.
  path: Assets/Audio/You_Cant_Dodge_a_Laser_01.ogg
  artifactKey: Guid(6dafd8386ea562f40843f0e59ca53129) Importer(815301076,1909f56bfc062723c751e8b465ee728b)
Start importing Assets/Audio/You_Cant_Dodge_a_Laser_01.ogg using Guid(6dafd8386ea562f40843f0e59ca53129) Importer(815301076,1909f56bfc062723c751e8b465ee728b)  -> (artifact id: '17bdbdf35f2f2a1fcf5e7f17ea76caeb') in 0.013810 seconds 
========================================================================
Received Import Request.
  Time since last request: 2.371830 seconds.
  path: Assets/Modelos3D
  artifactKey: Guid(0daa03260beaa4700a0dfbc4c3927f04) Importer(815301076,1909f56bfc062723c751e8b465ee728b)
Start importing Assets/Modelos3D using Guid(0daa03260beaa4700a0dfbc4c3927f04) Importer(815301076,1909f56bfc062723c751e8b465ee728b)  -> (artifact id: '750476d30940dd8739aebc5df586744e') in 0.053633 seconds 
========================================================================
Received Import Request.
  Time since last request: 1.747409 seconds.
  path: Assets/Modelos3D/Aderecos
  artifactKey: Guid(5df6db8e1363441d3b742d2b6c7db26c) Importer(815301076,1909f56bfc062723c751e8b465ee728b)
Start importing Assets/Modelos3D/Aderecos using Guid(5df6db8e1363441d3b742d2b6c7db26c) Importer(815301076,1909f56bfc062723c751e8b465ee728b)  -> (artifact id: 'ada79866bae53168b6234a4f05c923f9') in 0.056554 seconds 
========================================================================
Received Import Request.
  Time since last request: 0.004858 seconds.
  path: Assets/Modelos3D/Aderecos/Caixa.fbx
  artifactKey: Guid(63643dfdc81dc9f4ea7dd425c0133a38) Importer(815301076,1909f56bfc062723c751e8b465ee728b)
Start importing Assets/Modelos3D/Aderecos/Caixa.fbx using Guid(63643dfdc81dc9f4ea7dd425c0133a38) Importer(815301076,1909f56bfc062723c751e8b465ee728b)  -> (artifact id: '21e4794f2cf0d22ad4f9a5b966e64c2f') in 0.080562 seconds 
========================================================================
Received Import Request.
  Time since last request: 0.000025 seconds.
  path: Assets/Modelos3D/Aderecos/Ruina_Predio_01.fbx
  artifactKey: Guid(7a5a808fdc09b654483cfe981eba7bb4) Importer(815301076,1909f56bfc062723c751e8b465ee728b)
Start importing Assets/Modelos3D/Aderecos/Ruina_Predio_01.fbx using Guid(7a5a808fdc09b654483cfe981eba7bb4) Importer(815301076,1909f56bfc062723c751e8b465ee728b)  -> (artifact id: '59da4c430ec0ebb7f40c9a8f89a5df8e') in 0.023856 seconds 
========================================================================
Received Import Request.
  Time since last request: 0.000028 seconds.
  path: Assets/Modelos3D/Aderecos/Estatua.fbx
  artifactKey: Guid(53838a413de90464c8f8d70fb534e675) Importer(815301076,1909f56bfc062723c751e8b465ee728b)
Start importing Assets/Modelos3D/Aderecos/Estatua.fbx using Guid(53838a413de90464c8f8d70fb534e675) Importer(815301076,1909f56bfc062723c751e8b465ee728b)  -> (artifact id: 'f82042f54e820e61d7e4b6cbf23ccfe4') in 0.024394 seconds 
========================================================================
Received Import Request.
  Time since last request: 0.000027 seconds.
  path: Assets/Modelos3D/Aderecos/Gerador_Iluminacao.fbx
  artifactKey: Guid(91a6e867b06b8a446ad3e5637aa357df) Importer(815301076,1909f56bfc062723c751e8b465ee728b)
Start importing Assets/Modelos3D/Aderecos/Gerador_Iluminacao.fbx using Guid(91a6e867b06b8a446ad3e5637aa357df) Importer(815301076,1909f56bfc062723c751e8b465ee728b)  -> (artifact id: '3ad70b7fbd7ba7103a2ae310c9739468') in 0.052661 seconds 
========================================================================
Received Import Request.
  Time since last request: 0.000027 seconds.
  path: Assets/Modelos3D/Aderecos/Pilha_Caixas_Pequena_01.fbx
  artifactKey: Guid(a374fe4259f97004ba44447a35f5872b) Importer(815301076,1909f56bfc062723c751e8b465ee728b)
Start importing Assets/Modelos3D/Aderecos/Pilha_Caixas_Pequena_01.fbx using Guid(a374fe4259f97004ba44447a35f5872b) Importer(815301076,1909f56bfc062723c751e8b465ee728b)  -> (artifact id: 'd1da85dd05cf89a59b526226c1aba0dd') in 0.023253 seconds 
========================================================================
Received Import Request.
  Time since last request: 0.000042 seconds.
  path: Assets/Modelos3D/Aderecos/PosteDeLuz_Destruido_02.fbx
  artifactKey: Guid(6025bfa6a518f674eb0df43faf4db63c) Importer(815301076,1909f56bfc062723c751e8b465ee728b)
Start importing Assets/Modelos3D/Aderecos/PosteDeLuz_Destruido_02.fbx using Guid(6025bfa6a518f674eb0df43faf4db63c) Importer(815301076,1909f56bfc062723c751e8b465ee728b)  -> (artifact id: 'db56e90981e51fc86d7f88c4d604e92d') in 0.025312 seconds 
========================================================================
Received Import Request.
  Time since last request: 0.000029 seconds.
  path: Assets/Modelos3D/Aderecos/Cerca_Continua_01.fbx
  artifactKey: Guid(2e1a2501aedb52247b010912b5de50d1) Importer(815301076,1909f56bfc062723c751e8b465ee728b)
Start importing Assets/Modelos3D/Aderecos/Cerca_Continua_01.fbx using Guid(2e1a2501aedb52247b010912b5de50d1) Importer(815301076,1909f56bfc062723c751e8b465ee728b)  -> (artifact id: '635e13b033b90e8bce4d4cbddc2a9498') in 0.024101 seconds 
========================================================================
Received Import Request.
  Time since last request: 0.000031 seconds.
  path: Assets/Modelos3D/Aderecos/Lata_01.fbx
  artifactKey: Guid(1c6c35831574ca744a1199c6079f2eea) Importer(815301076,1909f56bfc062723c751e8b465ee728b)
Start importing Assets/Modelos3D/Aderecos/Lata_01.fbx using Guid(1c6c35831574ca744a1199c6079f2eea) Importer(815301076,1909f56bfc062723c751e8b465ee728b)  -> (artifact id: '0b87f006201f70a1b78b81e5bb26c940') in 0.024075 seconds 
========================================================================
Received Import Request.
  Time since last request: 0.000048 seconds.
  path: Assets/Modelos3D/Aderecos/Copo.fbx
  artifactKey: Guid(0e71467b069169b4884fd1a88005ac12) Importer(815301076,1909f56bfc062723c751e8b465ee728b)
Start importing Assets/Modelos3D/Aderecos/Copo.fbx using Guid(0e71467b069169b4884fd1a88005ac12) Importer(815301076,1909f56bfc062723c751e8b465ee728b)  -> (artifact id: 'db479fd5a9931c49aa190e06e03240e8') in 0.022613 seconds 
========================================================================
Received Import Request.
  Time since last request: 0.000033 seconds.
  path: Assets/Modelos3D/Aderecos/LataDeLixo_01.fbx
  artifactKey: Guid(1319f7794bcfc024584a63eea8ba26a2) Importer(815301076,1909f56bfc062723c751e8b465ee728b)
Start importing Assets/Modelos3D/Aderecos/LataDeLixo_01.fbx using Guid(1319f7794bcfc024584a63eea8ba26a2) Importer(815301076,1909f56bfc062723c751e8b465ee728b)  -> (artifact id: 'c976c9048e0ed41b8cff9b32902b776a') in 0.020817 seconds 
========================================================================
Received Import Request.
  Time since last request: 0.000023 seconds.
  path: Assets/Modelos3D/Aderecos/Lata_02.fbx
  artifactKey: Guid(1c1a05f61e11f2e4abb28a8e50dc1b26) Importer(815301076,1909f56bfc062723c751e8b465ee728b)
Start importing Assets/Modelos3D/Aderecos/Lata_02.fbx using Guid(1c1a05f61e11f2e4abb28a8e50dc1b26) Importer(815301076,1909f56bfc062723c751e8b465ee728b)  -> (artifact id: '3bf6c311e1aeba87d6a56bebf6a84b97') in 0.027990 seconds 
========================================================================
Received Import Request.
  Time since last request: 0.000022 seconds.
  path: Assets/Modelos3D/Aderecos/Caixa_Pizza_02.fbx
  artifactKey: Guid(c68d12b21c980f942bfdffc4dd6edcaf) Importer(815301076,1909f56bfc062723c751e8b465ee728b)
Start importing Assets/Modelos3D/Aderecos/Caixa_Pizza_02.fbx using Guid(c68d12b21c980f942bfdffc4dd6edcaf) Importer(815301076,1909f56bfc062723c751e8b465ee728b)  -> (artifact id: '9bfee3d2273c37190dbc23a4bf241f4f') in 0.023845 seconds 
========================================================================
Received Import Request.
  Time since last request: 0.000024 seconds.
  path: Assets/Modelos3D/Aderecos/Cerca_Destruido_01.fbx
  artifactKey: Guid(d17cfbd90cb4c1e43ad6530a03a993ee) Importer(815301076,1909f56bfc062723c751e8b465ee728b)
Start importing Assets/Modelos3D/Aderecos/Cerca_Destruido_01.fbx using Guid(d17cfbd90cb4c1e43ad6530a03a993ee) Importer(815301076,1909f56bfc062723c751e8b465ee728b)  -> (artifact id: '6087df8d739be8993e00806d92874dfc') in 0.023066 seconds 
========================================================================
Received Import Request.
  Time since last request: 0.000056 seconds.
  path: Assets/Modelos3D/Aderecos/Mala_04.fbx
  artifactKey: Guid(5f880bb578cf57545a28cc21985de291) Importer(815301076,1909f56bfc062723c751e8b465ee728b)
Start importing Assets/Modelos3D/Aderecos/Mala_04.fbx using Guid(5f880bb578cf57545a28cc21985de291) Importer(815301076,1909f56bfc062723c751e8b465ee728b)  -> (artifact id: '708766a50ac2d41ad23be7f1b3d712ad') in 0.026268 seconds 
========================================================================
Received Import Request.
  Time since last request: 0.000069 seconds.
  path: Assets/Modelos3D/Aderecos/Mala_Aberta_01.fbx
  artifactKey: Guid(e4e617dc35ce68747b36baddb5ce888e) Importer(815301076,1909f56bfc062723c751e8b465ee728b)
Start importing Assets/Modelos3D/Aderecos/Mala_Aberta_01.fbx using Guid(e4e617dc35ce68747b36baddb5ce888e) Importer(815301076,1909f56bfc062723c751e8b465ee728b)  -> (artifact id: '4fc05bd9b0fc7d438b720eff70eb020b') in 0.037165 seconds 
========================================================================
Received Import Request.
  Time since last request: 0.000028 seconds.
  path: Assets/Modelos3D/Aderecos/Pilha_Caixas_Media_01.fbx
  artifactKey: Guid(2cafd3be2e09ce6468d2f7500a1bd661) Importer(815301076,1909f56bfc062723c751e8b465ee728b)
Start importing Assets/Modelos3D/Aderecos/Pilha_Caixas_Media_01.fbx using Guid(2cafd3be2e09ce6468d2f7500a1bd661) Importer(815301076,1909f56bfc062723c751e8b465ee728b)  -> (artifact id: '8475108d76df3605943aeb995872e9e7') in 0.026049 seconds 
========================================================================
Received Import Request.
  Time since last request: 0.000038 seconds.
  path: Assets/Modelos3D/Aderecos/PilhaDeLixo_02.fbx
  artifactKey: Guid(7edb8192bd5a81943a0b77e5fd4d1c3b) Importer(815301076,1909f56bfc062723c751e8b465ee728b)
Start importing Assets/Modelos3D/Aderecos/PilhaDeLixo_02.fbx using Guid(7edb8192bd5a81943a0b77e5fd4d1c3b) Importer(815301076,1909f56bfc062723c751e8b465ee728b)  -> (artifact id: 'e3809bab6c2f56155fae152bc6288bcf') in 0.023792 seconds 
========================================================================
Received Import Request.
  Time since last request: 0.000028 seconds.
  path: Assets/Modelos3D/Aderecos/PilhaDeLixo_01.fbx
  artifactKey: Guid(77d65589d9eeece4eab577f79318ae19) Importer(815301076,1909f56bfc062723c751e8b465ee728b)
Start importing Assets/Modelos3D/Aderecos/PilhaDeLixo_01.fbx using Guid(77d65589d9eeece4eab577f79318ae19) Importer(815301076,1909f56bfc062723c751e8b465ee728b)  -> (artifact id: '5580d69b5545bbd4d5172deba820dec9') in 0.025733 seconds 
========================================================================
Received Import Request.
  Time since last request: 0.000033 seconds.
  path: Assets/Modelos3D/Aderecos/Sangue_01.fbx
  artifactKey: Guid(274785cf828f34f4496b49d9cb162f87) Importer(815301076,1909f56bfc062723c751e8b465ee728b)
Start importing Assets/Modelos3D/Aderecos/Sangue_01.fbx using Guid(274785cf828f34f4496b49d9cb162f87) Importer(815301076,1909f56bfc062723c751e8b465ee728b)  -> (artifact id: '883bd2785cdf8fd448f8cd4d6fb5adfc') in 0.033205 seconds 
========================================================================
Received Import Request.
  Time since last request: 0.000037 seconds.
  path: Assets/Modelos3D/Aderecos/Cerca_01.fbx
  artifactKey: Guid(9c7c0330743041d41bbc9b55441af5e2) Importer(815301076,1909f56bfc062723c751e8b465ee728b)
Start importing Assets/Modelos3D/Aderecos/Cerca_01.fbx using Guid(9c7c0330743041d41bbc9b55441af5e2) Importer(815301076,1909f56bfc062723c751e8b465ee728b)  -> (artifact id: '262b4f43e690b26a20bbac2c66de0efd') in 0.024913 seconds 
========================================================================
Received Import Request.
  Time since last request: 0.000026 seconds.
  path: Assets/Modelos3D/Aderecos/PosteDeLuz.fbx
  artifactKey: Guid(08e6c716232391b468360245643d8a2c) Importer(815301076,1909f56bfc062723c751e8b465ee728b)
Start importing Assets/Modelos3D/Aderecos/PosteDeLuz.fbx using Guid(08e6c716232391b468360245643d8a2c) Importer(815301076,1909f56bfc062723c751e8b465ee728b)  -> (artifact id: 'da818dadb3b74d0da963ee44c5bbec0a') in 0.021792 seconds 
========================================================================
Received Import Request.
  Time since last request: 0.000033 seconds.
  path: Assets/Modelos3D/Aderecos/Cerca_Destruido_02.fbx
  artifactKey: Guid(5ba9ad3e5d48b674387bf1639057a698) Importer(815301076,1909f56bfc062723c751e8b465ee728b)
Start importing Assets/Modelos3D/Aderecos/Cerca_Destruido_02.fbx using Guid(5ba9ad3e5d48b674387bf1639057a698) Importer(815301076,1909f56bfc062723c751e8b465ee728b)  -> (artifact id: '4912e150cfaf5849bb1238b9c818733d') in 0.027534 seconds 
========================================================================
Received Import Request.
  Time since last request: 0.000032 seconds.
  path: Assets/Modelos3D/Aderecos/SacoDeDormir_03.fbx
  artifactKey: Guid(0dd84f834201a9745bd598e5efe1bea4) Importer(815301076,1909f56bfc062723c751e8b465ee728b)
Start importing Assets/Modelos3D/Aderecos/SacoDeDormir_03.fbx using Guid(0dd84f834201a9745bd598e5efe1bea4) Importer(815301076,1909f56bfc062723c751e8b465ee728b)  -> (artifact id: '830045d2510bd6ca224caa28ba48486d') in 0.026136 seconds 
========================================================================
Received Import Request.
  Time since last request: 0.000037 seconds.
  path: Assets/Modelos3D/Aderecos/Fogueira.fbx
  artifactKey: Guid(42b5c80bc966e694cbb622db88d3cdcf) Importer(815301076,1909f56bfc062723c751e8b465ee728b)
Start importing Assets/Modelos3D/Aderecos/Fogueira.fbx using Guid(42b5c80bc966e694cbb622db88d3cdcf) Importer(815301076,1909f56bfc062723c751e8b465ee728b)  -> (artifact id: '22a949b37de15031e5fe3d78b15f27fa') in 0.023671 seconds 
========================================================================
Received Import Request.
  Time since last request: 0.000034 seconds.
  path: Assets/Modelos3D/Aderecos/PosteDeLuz_Destruido_01.fbx
  artifactKey: Guid(4ae48b25a0c3a4748a99560a72cf70cc) Importer(815301076,1909f56bfc062723c751e8b465ee728b)
Start importing Assets/Modelos3D/Aderecos/PosteDeLuz_Destruido_01.fbx using Guid(4ae48b25a0c3a4748a99560a72cf70cc) Importer(815301076,1909f56bfc062723c751e8b465ee728b)  -> (artifact id: '69047fddaf8a514f964e3db54da84303') in 0.032832 seconds 
========================================================================
Received Import Request.
  Time since last request: 0.000026 seconds.
  path: Assets/Modelos3D/Aderecos/Mala_Aberta_03.fbx
  artifactKey: Guid(ec863730433e4124ebb71fe896403952) Importer(815301076,1909f56bfc062723c751e8b465ee728b)
Start importing Assets/Modelos3D/Aderecos/Mala_Aberta_03.fbx using Guid(ec863730433e4124ebb71fe896403952) Importer(815301076,1909f56bfc062723c751e8b465ee728b)  -> (artifact id: '56bb336470e90ab5aa58c52944d72ea4') in 0.023598 seconds 
========================================================================
Received Import Request.
  Time since last request: 0.000028 seconds.
  path: Assets/Modelos3D/Aderecos/Geladeira_Destruida.fbx
  artifactKey: Guid(80bf67d4bc98e9944834f8c175cd34e4) Importer(815301076,1909f56bfc062723c751e8b465ee728b)
Start importing Assets/Modelos3D/Aderecos/Geladeira_Destruida.fbx using Guid(80bf67d4bc98e9944834f8c175cd34e4) Importer(815301076,1909f56bfc062723c751e8b465ee728b)  -> (artifact id: 'd69c34f4d6361bed27d4c18f9c24fbe6') in 0.022951 seconds 
========================================================================
Received Import Request.
  Time since last request: 0.000037 seconds.
  path: Assets/Modelos3D/Aderecos/Mala_03.fbx
  artifactKey: Guid(a6ea598405bc22d4ba993226a6e0086b) Importer(815301076,1909f56bfc062723c751e8b465ee728b)
Start importing Assets/Modelos3D/Aderecos/Mala_03.fbx using Guid(a6ea598405bc22d4ba993226a6e0086b) Importer(815301076,1909f56bfc062723c751e8b465ee728b)  -> (artifact id: '5493f23b34c20bbc746ed281a266b912') in 0.023995 seconds 
========================================================================
Received Import Request.
  Time since last request: 0.000038 seconds.
  path: Assets/Modelos3D/Aderecos/ConeDeRua.fbx
  artifactKey: Guid(e19083493f4d02041b25b9d8d06292dd) Importer(815301076,1909f56bfc062723c751e8b465ee728b)
Start importing Assets/Modelos3D/Aderecos/ConeDeRua.fbx using Guid(e19083493f4d02041b25b9d8d06292dd) Importer(815301076,1909f56bfc062723c751e8b465ee728b)  -> (artifact id: 'e5271e3e4202d4c37828cb7d91c3b87a') in 0.022818 seconds 
========================================================================
Received Import Request.
  Time since last request: 0.000034 seconds.
  path: Assets/Modelos3D/Aderecos/Mala_01.fbx
  artifactKey: Guid(3246e4215b3ec3a4ca0fbdfbffad6676) Importer(815301076,1909f56bfc062723c751e8b465ee728b)
Start importing Assets/Modelos3D/Aderecos/Mala_01.fbx using Guid(3246e4215b3ec3a4ca0fbdfbffad6676) Importer(815301076,1909f56bfc062723c751e8b465ee728b)  -> (artifact id: '60af36db00a38cbe01dd065ddde663f1') in 0.021476 seconds 
========================================================================
Received Import Request.
  Time since last request: 0.000040 seconds.
  path: Assets/Modelos3D/Aderecos/Grama_02.fbx
  artifactKey: Guid(4ee657a274164f848b05b5199966495c) Importer(815301076,1909f56bfc062723c751e8b465ee728b)
Start importing Assets/Modelos3D/Aderecos/Grama_02.fbx using Guid(4ee657a274164f848b05b5199966495c) Importer(815301076,1909f56bfc062723c751e8b465ee728b)  -> (artifact id: '8817e73a50e0290d271b032b42768df3') in 0.025767 seconds 
========================================================================
Received Import Request.
  Time since last request: 0.000028 seconds.
  path: Assets/Modelos3D/Aderecos/Mala_Aberta_04.fbx
  artifactKey: Guid(1cf1a01ecbc620b418a6b7ec40f9cc7a) Importer(815301076,1909f56bfc062723c751e8b465ee728b)
Start importing Assets/Modelos3D/Aderecos/Mala_Aberta_04.fbx using Guid(1cf1a01ecbc620b418a6b7ec40f9cc7a) Importer(815301076,1909f56bfc062723c751e8b465ee728b)  -> (artifact id: '67842a29517453982680e8e0a9d29e29') in 0.024650 seconds 
========================================================================
Received Import Request.
  Time since last request: 0.000047 seconds.
  path: Assets/Modelos3D/Aderecos/Maquina_Venda_01.fbx
  artifactKey: Guid(051b5e945ecb5ae4f8bc5a3dff7be5f2) Importer(815301076,1909f56bfc062723c751e8b465ee728b)
Start importing Assets/Modelos3D/Aderecos/Maquina_Venda_01.fbx using Guid(051b5e945ecb5ae4f8bc5a3dff7be5f2) Importer(815301076,1909f56bfc062723c751e8b465ee728b)  -> (artifact id: 'cd00febc602ebe643dbb680f4fc14040') in 0.020848 seconds 
========================================================================
Received Import Request.
  Time since last request: 8.121473 seconds.
  path: Assets/Prefabs/Personagens
  artifactKey: Guid(e79aa1837c2c84becb8a5354f8d14f1a) Importer(815301076,1909f56bfc062723c751e8b465ee728b)
Start importing Assets/Prefabs/Personagens using Guid(e79aa1837c2c84becb8a5354f8d14f1a) Importer(815301076,1909f56bfc062723c751e8b465ee728b)  -> (artifact id: '2ba73f3e1e9119d2baf20e63586c21b2') in 0.008968 seconds 
========================================================================
Received Import Request.
  Time since last request: 0.000070 seconds.
  path: Assets/Prefabs/Personagens/Personagens.prefab
  artifactKey: Guid(4b3bb44effa49480d8d18049684cc33a) Importer(815301076,1909f56bfc062723c751e8b465ee728b)
Start importing Assets/Prefabs/Personagens/Personagens.prefab using Guid(4b3bb44effa49480d8d18049684cc33a) Importer(815301076,1909f56bfc062723c751e8b465ee728b)  -> (artifact id: '53d1bfa48dbe9ebbf8327a1f664cff58') in 0.267477 seconds 
========================================================================
Received Import Request.
  Time since last request: 2.331771 seconds.
  path: Assets/Prefabs/Veiculos/Carro_Bombeiro.prefab
  artifactKey: Guid(9057a921d6d1a49839ea2068c4edae0a) Importer(815301076,1909f56bfc062723c751e8b465ee728b)
Start importing Assets/Prefabs/Veiculos/Carro_Bombeiro.prefab using Guid(9057a921d6d1a49839ea2068c4edae0a) Importer(815301076,1909f56bfc062723c751e8b465ee728b)  -> (artifact id: 'ead82937a2cad053af29e327e9c7419b') in 0.059895 seconds 
========================================================================
Received Import Request.
  Time since last request: 0.000037 seconds.
  path: Assets/Prefabs/Veiculos/Van_Batida_01.prefab
  artifactKey: Guid(37857ccc62dcd40a088e0d9273841e91) Importer(815301076,1909f56bfc062723c751e8b465ee728b)
Start importing Assets/Prefabs/Veiculos/Van_Batida_01.prefab using Guid(37857ccc62dcd40a088e0d9273841e91) Importer(815301076,1909f56bfc062723c751e8b465ee728b)  -> (artifact id: 'ac6b44dbcd61390bb7db782faef0e140') in 0.023997 seconds 
========================================================================
Received Import Request.
  Time since last request: 0.000040 seconds.
  path: Assets/Prefabs/Veiculos/Trator.prefab
  artifactKey: Guid(c9b21efd088484bb9ac61107c03bcef6) Importer(815301076,1909f56bfc062723c751e8b465ee728b)
Start importing Assets/Prefabs/Veiculos/Trator.prefab using Guid(c9b21efd088484bb9ac61107c03bcef6) Importer(815301076,1909f56bfc062723c751e8b465ee728b)  -> (artifact id: 'cc087279a00e23e407aec004ac2ab913') in 0.025990 seconds 
========================================================================
Received Import Request.
  Time since last request: 0.000042 seconds.
  path: Assets/Prefabs/Veiculos/Van_Batida_02.prefab
  artifactKey: Guid(2cc9fbb4bdd574f1cadec92083acb88b) Importer(815301076,1909f56bfc062723c751e8b465ee728b)
Start importing Assets/Prefabs/Veiculos/Van_Batida_02.prefab using Guid(2cc9fbb4bdd574f1cadec92083acb88b) Importer(815301076,1909f56bfc062723c751e8b465ee728b)  -> (artifact id: 'cc9dcaf4ade734853da23e98acc83176') in 0.026938 seconds 
========================================================================
Received Import Request.
  Time since last request: 0.000029 seconds.
  path: Assets/Prefabs/Veiculos/TanqueDeGuerra_Destruido.prefab
  artifactKey: Guid(ee7f91516af52453f98f491cf554a1f1) Importer(815301076,1909f56bfc062723c751e8b465ee728b)
Start importing Assets/Prefabs/Veiculos/TanqueDeGuerra_Destruido.prefab using Guid(ee7f91516af52453f98f491cf554a1f1) Importer(815301076,1909f56bfc062723c751e8b465ee728b)  -> (artifact id: '34e65639bc1056514d25642ff51327af') in 0.027477 seconds 
========================================================================
Received Import Request.
  Time since last request: 7.431442 seconds.
  path: Assets/Prefabs/Armas
  artifactKey: Guid(ab866b17546ab4713b1250bb1e54d153) Importer(815301076,1909f56bfc062723c751e8b465ee728b)
Start importing Assets/Prefabs/Armas using Guid(ab866b17546ab4713b1250bb1e54d153) Importer(815301076,1909f56bfc062723c751e8b465ee728b)  -> (artifact id: 'e203404212fc38112568df6cee1f893e') in 0.007146 seconds 
========================================================================
Received Import Request.
  Time since last request: 574.013300 seconds.
  path: Assets/Prefabs/Ambiente/Placa_Perigo.prefab
  artifactKey: Guid(dcd1599af06eb42eead288eb377584bc) Importer(815301076,1909f56bfc062723c751e8b465ee728b)
Start importing Assets/Prefabs/Ambiente/Placa_Perigo.prefab using Guid(dcd1599af06eb42eead288eb377584bc) Importer(815301076,1909f56bfc062723c751e8b465ee728b)  -> (artifact id: '9825a0b9d82cef0ddb4eaac7ece691a5') in 0.026895 seconds 
========================================================================
Received Import Request.
  Time since last request: 0.402602 seconds.
  path: Assets/Prefabs/Ambiente/Placa_Perigo.prefab
  artifactKey: Guid(dcd1599af06eb42eead288eb377584bc) Importer(815301076,1909f56bfc062723c751e8b465ee728b)
Start importing Assets/Prefabs/Ambiente/Placa_Perigo.prefab using Guid(dcd1599af06eb42eead288eb377584bc) Importer(815301076,1909f56bfc062723c751e8b465ee728b)  -> (artifact id: '420307e59959ee0f66ca00dbbc96fa26') in 0.060094 seconds 
========================================================================
Received Import Request.
  Time since last request: 97.313557 seconds.
  path: Assets/Animacoes/Jogador.controller
  artifactKey: Guid(0f3ea97a61de53f4789e2c103e813d83) Importer(815301076,1909f56bfc062723c751e8b465ee728b)
Start importing Assets/Animacoes/Jogador.controller using Guid(0f3ea97a61de53f4789e2c103e813d83) Importer(815301076,1909f56bfc062723c751e8b465ee728b)  -> (artifact id: '45a9612984843bf3b75ce872f7948f41') in 0.027387 seconds 
